<?xml version="1.0" encoding="UTF-8"?>
<!-- Generated by org.testng.reporters.JUnitXMLReporter -->
<testsuite ignored="1" hostname="Legion-5" failures="0" tests="1" name="Default test" time="4.96" errors="0" timestamp="2022-05-29T14:41:52 WIB">
  <testcase classname="qaautomation.may2022.GraphQLTest" name="getLaunchesWithVariable" time="4.822"/>
  <testcase classname="qaautomation.may2022.GraphQLTest" name="checkCEO" time="0.0">
    <ignored/>
  </testcase> <!-- checkCEO -->
</testsuite> <!-- Default test -->
