<?xml version="1.0" encoding="UTF-8"?>
<!-- Generated by org.testng.reporters.JUnitXMLReporter -->
<testsuite ignored="0" hostname="Legion-5" failures="0" tests="4" name="Test" time="11.004" errors="0" timestamp="2022-05-29T14:47:13 WIB">
  <testcase classname="qaautomation.may2022.APITestAfterRefactor" name="configAPI" time="0.987"/>
  <testcase classname="qaautomation.may2022.APITestAfterRefactor" name="dashboardAPI" time="1.179"/>
  <testcase classname="qaautomation.may2022.APITestAfterRefactor" name="fakerTest" time="0.147"/>
  <testcase classname="qaautomation.may2022.APITestAfterRefactor" name="userAPI" time="1.175"/>
</testsuite> <!-- Test -->
