<?xml version="1.0" encoding="UTF-8"?>
<!-- Generated by org.testng.reporters.JUnitXMLReporter -->
<testsuite ignored="0" hostname="Lauras-MacBook-Pro.local" failures="1" tests="4" name="Test" time="20.582" errors="0" timestamp="25 Mar 2024 16:04:47 GMT">
  <testcase classname="qaautomation.may2022.APITestAfterRefactor" name="configAPI" time="5.988">
    <failure type="java.lang.AssertionError" message="expected [200] but found [404]">
      <![CDATA[java.lang.AssertionError: expected [200] but found [404]
at qaautomation.may2022.APITestAfterRefactor.configAPI(APITestAfterRefactor.java:28)
... Removed 32 stack frames]]>
    </failure>
  </testcase> <!-- configAPI -->
  <testcase classname="qaautomation.may2022.APITestAfterRefactor" name="dashboardAPI" time="1.092"/>
  <testcase classname="qaautomation.may2022.APITestAfterRefactor" name="fakerTest" time="0.127"/>
  <testcase classname="qaautomation.may2022.APITestAfterRefactor" name="userAPI" time="6.05"/>
</testsuite> <!-- Test -->
